DEBUG - 2025-03-11 12:46:58 --> Session: Class initialized using 'CodeIgniter\Session\Handlers\FileHandler' driver.
DEBUG - 2025-03-11 12:47:04 --> Session: Class initialized using 'CodeIgniter\Session\Handlers\FileHandler' driver.
DEBUG - 2025-03-11 12:47:09 --> Session: Class initialized using 'CodeIgniter\Session\Handlers\FileHandler' driver.
DEBUG - 2025-03-11 12:47:10 --> Session: Class initialized using 'CodeIgniter\Session\Handlers\FileHandler' driver.
CRITICAL - 2025-03-11 12:47:10 --> CodeIgniter\View\Exceptions\ViewException: Invalid file: "partials/layout.php"
[Method: GET, Route: operator]
in SYSTEMPATH\Exceptions\FrameworkException.php on line 39.
 1 SYSTEMPATH\View\View.php(212): CodeIgniter\Exceptions\FrameworkException::forInvalidFile('partials/layout.php')
 2 SYSTEMPATH\View\View.php(240): CodeIgniter\View\View->render('partials/layout', [], true)
 3 SYSTEMPATH\Common.php(1173): CodeIgniter\View\View->render('operator/index', [], true)
 4 APPPATH\Controllers\OperatorController.php(15): view('operator/index', [])
 5 SYSTEMPATH\CodeIgniter.php(933): App\Controllers\OperatorController->index()
 6 SYSTEMPATH\CodeIgniter.php(507): CodeIgniter\CodeIgniter->runController(Object(App\Controllers\OperatorController))
 7 SYSTEMPATH\CodeIgniter.php(354): CodeIgniter\CodeIgniter->handleRequest(null, Object(Config\Cache), false)
 8 SYSTEMPATH\Boot.php(334): CodeIgniter\CodeIgniter->run()
 9 SYSTEMPATH\Boot.php(67): CodeIgniter\Boot::runCodeIgniter(Object(CodeIgniter\CodeIgniter))
10 FCPATH\index.php(56): CodeIgniter\Boot::bootWeb(Object(Config\Paths))
11 SYSTEMPATH\rewrite.php(44): require_once('C:\\xampp\\htdocs\\SistemUjian\\public\\index.php')
DEBUG - 2025-03-11 12:47:17 --> Session: Class initialized using 'CodeIgniter\Session\Handlers\FileHandler' driver.
CRITICAL - 2025-03-11 12:47:17 --> CodeIgniter\View\Exceptions\ViewException: Invalid file: "partials/navbar.php"
[Method: GET, Route: operator]
in SYSTEMPATH\Exceptions\FrameworkException.php on line 39.
 1 SYSTEMPATH\View\View.php(212): CodeIgniter\Exceptions\FrameworkException::forInvalidFile('partials/navbar.php')
 2 SYSTEMPATH\View\View.php(475): CodeIgniter\View\View->render('partials/navbar', null, true)
 3 APPPATH\Views\operator\partials\layout.php(13): CodeIgniter\View\View->include('partials/navbar')
 4 SYSTEMPATH\View\View.php(224): include('C:\\xampp\\htdocs\\SistemUjian\\app\\Views\\operator\\partials\\layout.php')
 5 SYSTEMPATH\View\View.php(227): CodeIgniter\View\View->CodeIgniter\View\{closure}()
 6 SYSTEMPATH\View\View.php(240): CodeIgniter\View\View->render('operator/partials/layout', [], true)
 7 SYSTEMPATH\Common.php(1173): CodeIgniter\View\View->render('operator/index', [], true)
 8 APPPATH\Controllers\OperatorController.php(15): view('operator/index', [])
 9 SYSTEMPATH\CodeIgniter.php(933): App\Controllers\OperatorController->index()
10 SYSTEMPATH\CodeIgniter.php(507): CodeIgniter\CodeIgniter->runController(Object(App\Controllers\OperatorController))
11 SYSTEMPATH\CodeIgniter.php(354): CodeIgniter\CodeIgniter->handleRequest(null, Object(Config\Cache), false)
12 SYSTEMPATH\Boot.php(334): CodeIgniter\CodeIgniter->run()
13 SYSTEMPATH\Boot.php(67): CodeIgniter\Boot::runCodeIgniter(Object(CodeIgniter\CodeIgniter))
14 FCPATH\index.php(56): CodeIgniter\Boot::bootWeb(Object(Config\Paths))
15 SYSTEMPATH\rewrite.php(44): require_once('C:\\xampp\\htdocs\\SistemUjian\\public\\index.php')
DEBUG - 2025-03-11 12:47:48 --> Session: Class initialized using 'CodeIgniter\Session\Handlers\FileHandler' driver.
CRITICAL - 2025-03-11 12:47:48 --> ErrorException: include_once(helpers/menu_helper.php): Failed to open stream: No such file or directory
[Method: GET, Route: operator]
in APPPATH\Views\operator\partials\sidebar.php on line 1.
 1 APPPATH\Views\operator\partials\sidebar.php(1): CodeIgniter\Debug\Exceptions->errorHandler(2, 'include_once(helpers/menu_helper.php): Failed to open stream: No such file or directory', 'C:\\xampp\\htdocs\\SistemUjian\\app\\Views\\operator\\partials\\sidebar.php', 1)
 2 APPPATH\Views\operator\partials\sidebar.php(1): include_once()
 3 SYSTEMPATH\View\View.php(224): include('C:\\xampp\\htdocs\\SistemUjian\\app\\Views\\operator\\partials\\sidebar.php')
 4 SYSTEMPATH\View\View.php(227): CodeIgniter\View\View->CodeIgniter\View\{closure}()
 5 SYSTEMPATH\View\View.php(475): CodeIgniter\View\View->render('operator/partials/sidebar', null, true)
 6 APPPATH\Views\operator\partials\layout.php(14): CodeIgniter\View\View->include('operator/partials/sidebar')
 7 SYSTEMPATH\View\View.php(224): include('C:\\xampp\\htdocs\\SistemUjian\\app\\Views\\operator\\partials\\layout.php')
 8 SYSTEMPATH\View\View.php(227): CodeIgniter\View\View->CodeIgniter\View\{closure}()
 9 SYSTEMPATH\View\View.php(240): CodeIgniter\View\View->render('operator/partials/layout', [], true)
10 SYSTEMPATH\Common.php(1173): CodeIgniter\View\View->render('operator/index', [], true)
11 APPPATH\Controllers\OperatorController.php(15): view('operator/index', [])
12 SYSTEMPATH\CodeIgniter.php(933): App\Controllers\OperatorController->index()
13 SYSTEMPATH\CodeIgniter.php(507): CodeIgniter\CodeIgniter->runController(Object(App\Controllers\OperatorController))
14 SYSTEMPATH\CodeIgniter.php(354): CodeIgniter\CodeIgniter->handleRequest(null, Object(Config\Cache), false)
15 SYSTEMPATH\Boot.php(334): CodeIgniter\CodeIgniter->run()
16 SYSTEMPATH\Boot.php(67): CodeIgniter\Boot::runCodeIgniter(Object(CodeIgniter\CodeIgniter))
17 FCPATH\index.php(56): CodeIgniter\Boot::bootWeb(Object(Config\Paths))
18 SYSTEMPATH\rewrite.php(44): require_once('C:\\xampp\\htdocs\\SistemUjian\\public\\index.php')
DEBUG - 2025-03-11 12:48:35 --> Session: Class initialized using 'CodeIgniter\Session\Handlers\FileHandler' driver.
CRITICAL - 2025-03-11 12:48:35 --> ErrorException: include_once(helpers/menu_helper.php): Failed to open stream: No such file or directory
[Method: GET, Route: operator]
in APPPATH\Views\operator\partials\sidebar.php on line 1.
 1 APPPATH\Views\operator\partials\sidebar.php(1): CodeIgniter\Debug\Exceptions->errorHandler(2, 'include_once(helpers/menu_helper.php): Failed to open stream: No such file or directory', 'C:\\xampp\\htdocs\\SistemUjian\\app\\Views\\operator\\partials\\sidebar.php', 1)
 2 APPPATH\Views\operator\partials\sidebar.php(1): include_once()
 3 SYSTEMPATH\View\View.php(224): include('C:\\xampp\\htdocs\\SistemUjian\\app\\Views\\operator\\partials\\sidebar.php')
 4 SYSTEMPATH\View\View.php(227): CodeIgniter\View\View->CodeIgniter\View\{closure}()
 5 SYSTEMPATH\View\View.php(475): CodeIgniter\View\View->render('operator/partials/sidebar', null, true)
 6 APPPATH\Views\operator\partials\layout.php(14): CodeIgniter\View\View->include('operator/partials/sidebar')
 7 SYSTEMPATH\View\View.php(224): include('C:\\xampp\\htdocs\\SistemUjian\\app\\Views\\operator\\partials\\layout.php')
 8 SYSTEMPATH\View\View.php(227): CodeIgniter\View\View->CodeIgniter\View\{closure}()
 9 SYSTEMPATH\View\View.php(240): CodeIgniter\View\View->render('operator/partials/layout', [], true)
10 SYSTEMPATH\Common.php(1173): CodeIgniter\View\View->render('operator/index', [], true)
11 APPPATH\Controllers\OperatorController.php(15): view('operator/index', [])
12 SYSTEMPATH\CodeIgniter.php(933): App\Controllers\OperatorController->index()
13 SYSTEMPATH\CodeIgniter.php(507): CodeIgniter\CodeIgniter->runController(Object(App\Controllers\OperatorController))
14 SYSTEMPATH\CodeIgniter.php(354): CodeIgniter\CodeIgniter->handleRequest(null, Object(Config\Cache), false)
15 SYSTEMPATH\Boot.php(334): CodeIgniter\CodeIgniter->run()
16 SYSTEMPATH\Boot.php(67): CodeIgniter\Boot::runCodeIgniter(Object(CodeIgniter\CodeIgniter))
17 FCPATH\index.php(56): CodeIgniter\Boot::bootWeb(Object(Config\Paths))
18 SYSTEMPATH\rewrite.php(44): require_once('C:\\xampp\\htdocs\\SistemUjian\\public\\index.php')
DEBUG - 2025-03-11 12:49:29 --> Session: Class initialized using 'CodeIgniter\Session\Handlers\FileHandler' driver.
CRITICAL - 2025-03-11 12:49:29 --> ErrorException: include_once(helpers/menu_helper.php): Failed to open stream: No such file or directory
[Method: GET, Route: operator]
in APPPATH\Views\operator\partials\sidebar.php on line 1.
 1 APPPATH\Views\operator\partials\sidebar.php(1): CodeIgniter\Debug\Exceptions->errorHandler(2, 'include_once(helpers/menu_helper.php): Failed to open stream: No such file or directory', 'C:\\xampp\\htdocs\\SistemUjian\\app\\Views\\operator\\partials\\sidebar.php', 1)
 2 APPPATH\Views\operator\partials\sidebar.php(1): include_once()
 3 SYSTEMPATH\View\View.php(224): include('C:\\xampp\\htdocs\\SistemUjian\\app\\Views\\operator\\partials\\sidebar.php')
 4 SYSTEMPATH\View\View.php(227): CodeIgniter\View\View->CodeIgniter\View\{closure}()
 5 SYSTEMPATH\View\View.php(475): CodeIgniter\View\View->render('operator/partials/sidebar', null, true)
 6 APPPATH\Views\operator\partials\layout.php(14): CodeIgniter\View\View->include('operator/partials/sidebar')
 7 SYSTEMPATH\View\View.php(224): include('C:\\xampp\\htdocs\\SistemUjian\\app\\Views\\operator\\partials\\layout.php')
 8 SYSTEMPATH\View\View.php(227): CodeIgniter\View\View->CodeIgniter\View\{closure}()
 9 SYSTEMPATH\View\View.php(240): CodeIgniter\View\View->render('operator/partials/layout', [], true)
10 SYSTEMPATH\Common.php(1173): CodeIgniter\View\View->render('operator/index', [], true)
11 APPPATH\Controllers\OperatorController.php(15): view('operator/index', [])
12 SYSTEMPATH\CodeIgniter.php(933): App\Controllers\OperatorController->index()
13 SYSTEMPATH\CodeIgniter.php(507): CodeIgniter\CodeIgniter->runController(Object(App\Controllers\OperatorController))
14 SYSTEMPATH\CodeIgniter.php(354): CodeIgniter\CodeIgniter->handleRequest(null, Object(Config\Cache), false)
15 SYSTEMPATH\Boot.php(334): CodeIgniter\CodeIgniter->run()
16 SYSTEMPATH\Boot.php(67): CodeIgniter\Boot::runCodeIgniter(Object(CodeIgniter\CodeIgniter))
17 FCPATH\index.php(56): CodeIgniter\Boot::bootWeb(Object(Config\Paths))
18 SYSTEMPATH\rewrite.php(44): require_once('C:\\xampp\\htdocs\\SistemUjian\\public\\index.php')
DEBUG - 2025-03-11 12:50:13 --> Session: Class initialized using 'CodeIgniter\Session\Handlers\FileHandler' driver.
CRITICAL - 2025-03-11 12:50:13 --> Error: Call to undefined function setActive()
[Method: GET, Route: operator]
in APPPATH\Views\operator\partials\sidebar.php on line 9.
 1 SYSTEMPATH\View\View.php(224): include()
 2 SYSTEMPATH\View\View.php(227): CodeIgniter\View\View->CodeIgniter\View\{closure}()
 3 SYSTEMPATH\View\View.php(475): CodeIgniter\View\View->render('operator/partials/sidebar', null, true)
 4 APPPATH\Views\operator\partials\layout.php(14): CodeIgniter\View\View->include('operator/partials/sidebar')
 5 SYSTEMPATH\View\View.php(224): include('C:\\xampp\\htdocs\\SistemUjian\\app\\Views\\operator\\partials\\layout.php')
 6 SYSTEMPATH\View\View.php(227): CodeIgniter\View\View->CodeIgniter\View\{closure}()
 7 SYSTEMPATH\View\View.php(240): CodeIgniter\View\View->render('operator/partials/layout', [], true)
 8 SYSTEMPATH\Common.php(1173): CodeIgniter\View\View->render('operator/index', [], true)
 9 APPPATH\Controllers\OperatorController.php(15): view('operator/index', [])
10 SYSTEMPATH\CodeIgniter.php(933): App\Controllers\OperatorController->index()
11 SYSTEMPATH\CodeIgniter.php(507): CodeIgniter\CodeIgniter->runController(Object(App\Controllers\OperatorController))
12 SYSTEMPATH\CodeIgniter.php(354): CodeIgniter\CodeIgniter->handleRequest(null, Object(Config\Cache), false)
13 SYSTEMPATH\Boot.php(334): CodeIgniter\CodeIgniter->run()
14 SYSTEMPATH\Boot.php(67): CodeIgniter\Boot::runCodeIgniter(Object(CodeIgniter\CodeIgniter))
15 FCPATH\index.php(56): CodeIgniter\Boot::bootWeb(Object(Config\Paths))
16 SYSTEMPATH\rewrite.php(44): require_once('C:\\xampp\\htdocs\\SistemUjian\\public\\index.php')
DEBUG - 2025-03-11 12:50:40 --> Session: Class initialized using 'CodeIgniter\Session\Handlers\FileHandler' driver.
CRITICAL - 2025-03-11 12:50:40 --> Error: Cannot access protected property CodeIgniter\HTTP\IncomingRequest::$uri
[Method: GET, Route: operator]
in APPPATH\Helpers\menu_helper.php on line 6.
 1 APPPATH\Views\operator\partials\sidebar.php(9): set_active('dashboard.php')
 2 SYSTEMPATH\View\View.php(224): include('C:\\xampp\\htdocs\\SistemUjian\\app\\Views\\operator\\partials\\sidebar.php')
 3 SYSTEMPATH\View\View.php(227): CodeIgniter\View\View->CodeIgniter\View\{closure}()
 4 SYSTEMPATH\View\View.php(475): CodeIgniter\View\View->render('operator/partials/sidebar', null, true)
 5 APPPATH\Views\operator\partials\layout.php(14): CodeIgniter\View\View->include('operator/partials/sidebar')
 6 SYSTEMPATH\View\View.php(224): include('C:\\xampp\\htdocs\\SistemUjian\\app\\Views\\operator\\partials\\layout.php')
 7 SYSTEMPATH\View\View.php(227): CodeIgniter\View\View->CodeIgniter\View\{closure}()
 8 SYSTEMPATH\View\View.php(240): CodeIgniter\View\View->render('operator/partials/layout', [], true)
 9 SYSTEMPATH\Common.php(1173): CodeIgniter\View\View->render('operator/index', [], true)
10 APPPATH\Controllers\OperatorController.php(15): view('operator/index', [])
11 SYSTEMPATH\CodeIgniter.php(933): App\Controllers\OperatorController->index()
12 SYSTEMPATH\CodeIgniter.php(507): CodeIgniter\CodeIgniter->runController(Object(App\Controllers\OperatorController))
13 SYSTEMPATH\CodeIgniter.php(354): CodeIgniter\CodeIgniter->handleRequest(null, Object(Config\Cache), false)
14 SYSTEMPATH\Boot.php(334): CodeIgniter\CodeIgniter->run()
15 SYSTEMPATH\Boot.php(67): CodeIgniter\Boot::runCodeIgniter(Object(CodeIgniter\CodeIgniter))
16 FCPATH\index.php(56): CodeIgniter\Boot::bootWeb(Object(Config\Paths))
17 SYSTEMPATH\rewrite.php(44): require_once('C:\\xampp\\htdocs\\SistemUjian\\public\\index.php')
DEBUG - 2025-03-11 12:51:19 --> Session: Class initialized using 'CodeIgniter\Session\Handlers\FileHandler' driver.
DEBUG - 2025-03-11 12:51:34 --> Session: Class initialized using 'CodeIgniter\Session\Handlers\FileHandler' driver.
DEBUG - 2025-03-11 12:51:37 --> Session: Class initialized using 'CodeIgniter\Session\Handlers\FileHandler' driver.
DEBUG - 2025-03-11 12:51:38 --> Session: Class initialized using 'CodeIgniter\Session\Handlers\FileHandler' driver.
DEBUG - 2025-03-11 12:51:38 --> Session: Class initialized using 'CodeIgniter\Session\Handlers\FileHandler' driver.
DEBUG - 2025-03-11 12:51:44 --> Session: Class initialized using 'CodeIgniter\Session\Handlers\FileHandler' driver.
DEBUG - 2025-03-11 12:51:45 --> Session: Class initialized using 'CodeIgniter\Session\Handlers\FileHandler' driver.
DEBUG - 2025-03-11 12:54:16 --> Session: Class initialized using 'CodeIgniter\Session\Handlers\FileHandler' driver.
DEBUG - 2025-03-11 12:54:23 --> Session: Class initialized using 'CodeIgniter\Session\Handlers\FileHandler' driver.
DEBUG - 2025-03-11 12:55:02 --> Session: Class initialized using 'CodeIgniter\Session\Handlers\FileHandler' driver.
DEBUG - 2025-03-11 12:55:07 --> Session: Class initialized using 'CodeIgniter\Session\Handlers\FileHandler' driver.
DEBUG - 2025-03-11 12:55:13 --> Session: Class initialized using 'CodeIgniter\Session\Handlers\FileHandler' driver.
DEBUG - 2025-03-11 12:55:17 --> Session: Class initialized using 'CodeIgniter\Session\Handlers\FileHandler' driver.
DEBUG - 2025-03-11 12:55:44 --> Session: Class initialized using 'CodeIgniter\Session\Handlers\FileHandler' driver.
DEBUG - 2025-03-11 12:55:48 --> Session: Class initialized using 'CodeIgniter\Session\Handlers\FileHandler' driver.
DEBUG - 2025-03-11 12:56:25 --> Session: Class initialized using 'CodeIgniter\Session\Handlers\FileHandler' driver.
DEBUG - 2025-03-11 12:56:27 --> Session: Class initialized using 'CodeIgniter\Session\Handlers\FileHandler' driver.
DEBUG - 2025-03-11 12:57:28 --> Session: Class initialized using 'CodeIgniter\Session\Handlers\FileHandler' driver.
DEBUG - 2025-03-11 12:57:31 --> Session: Class initialized using 'CodeIgniter\Session\Handlers\FileHandler' driver.
DEBUG - 2025-03-11 13:00:45 --> Session: Class initialized using 'CodeIgniter\Session\Handlers\FileHandler' driver.
DEBUG - 2025-03-11 13:00:46 --> Session: Class initialized using 'CodeIgniter\Session\Handlers\FileHandler' driver.
DEBUG - 2025-03-11 13:00:47 --> Session: Class initialized using 'CodeIgniter\Session\Handlers\FileHandler' driver.
DEBUG - 2025-03-11 13:00:47 --> Session: Class initialized using 'CodeIgniter\Session\Handlers\FileHandler' driver.
DEBUG - 2025-03-11 13:00:47 --> Session: Class initialized using 'CodeIgniter\Session\Handlers\FileHandler' driver.
DEBUG - 2025-03-11 13:03:15 --> Session: Class initialized using 'CodeIgniter\Session\Handlers\FileHandler' driver.
DEBUG - 2025-03-11 13:05:26 --> Session: Class initialized using 'CodeIgniter\Session\Handlers\FileHandler' driver.
DEBUG - 2025-03-11 13:05:33 --> Session: Class initialized using 'CodeIgniter\Session\Handlers\FileHandler' driver.
DEBUG - 2025-03-11 13:05:44 --> Session: Class initialized using 'CodeIgniter\Session\Handlers\FileHandler' driver.
DEBUG - 2025-03-11 13:08:36 --> Session: Class initialized using 'CodeIgniter\Session\Handlers\FileHandler' driver.
DEBUG - 2025-03-11 13:09:07 --> Session: Class initialized using 'CodeIgniter\Session\Handlers\FileHandler' driver.
DEBUG - 2025-03-11 13:09:11 --> Session: Class initialized using 'CodeIgniter\Session\Handlers\FileHandler' driver.
DEBUG - 2025-03-11 13:10:01 --> Session: Class initialized using 'CodeIgniter\Session\Handlers\FileHandler' driver.
DEBUG - 2025-03-11 13:10:14 --> Session: Class initialized using 'CodeIgniter\Session\Handlers\FileHandler' driver.
DEBUG - 2025-03-11 13:10:16 --> Session: Class initialized using 'CodeIgniter\Session\Handlers\FileHandler' driver.
DEBUG - 2025-03-11 13:10:16 --> Session: Class initialized using 'CodeIgniter\Session\Handlers\FileHandler' driver.
DEBUG - 2025-03-11 13:10:16 --> Session: Class initialized using 'CodeIgniter\Session\Handlers\FileHandler' driver.
DEBUG - 2025-03-11 13:10:16 --> Session: Class initialized using 'CodeIgniter\Session\Handlers\FileHandler' driver.
DEBUG - 2025-03-11 13:10:16 --> Session: Class initialized using 'CodeIgniter\Session\Handlers\FileHandler' driver.
DEBUG - 2025-03-11 13:10:17 --> Session: Class initialized using 'CodeIgniter\Session\Handlers\FileHandler' driver.
DEBUG - 2025-03-11 13:10:17 --> Session: Class initialized using 'CodeIgniter\Session\Handlers\FileHandler' driver.
DEBUG - 2025-03-11 13:10:42 --> Session: Class initialized using 'CodeIgniter\Session\Handlers\FileHandler' driver.
DEBUG - 2025-03-11 13:10:44 --> Session: Class initialized using 'CodeIgniter\Session\Handlers\FileHandler' driver.
DEBUG - 2025-03-11 13:11:36 --> Session: Class initialized using 'CodeIgniter\Session\Handlers\FileHandler' driver.
DEBUG - 2025-03-11 13:11:40 --> Session: Class initialized using 'CodeIgniter\Session\Handlers\FileHandler' driver.
DEBUG - 2025-03-11 13:11:44 --> Session: Class initialized using 'CodeIgniter\Session\Handlers\FileHandler' driver.
DEBUG - 2025-03-11 13:11:55 --> Session: Class initialized using 'CodeIgniter\Session\Handlers\FileHandler' driver.
DEBUG - 2025-03-11 13:11:56 --> Session: Class initialized using 'CodeIgniter\Session\Handlers\FileHandler' driver.
DEBUG - 2025-03-11 13:12:24 --> Session: Class initialized using 'CodeIgniter\Session\Handlers\FileHandler' driver.
DEBUG - 2025-03-11 13:12:40 --> Session: Class initialized using 'CodeIgniter\Session\Handlers\FileHandler' driver.
DEBUG - 2025-03-11 13:13:13 --> Session: Class initialized using 'CodeIgniter\Session\Handlers\FileHandler' driver.
DEBUG - 2025-03-11 13:13:38 --> Session: Class initialized using 'CodeIgniter\Session\Handlers\FileHandler' driver.
DEBUG - 2025-03-11 13:13:40 --> Session: Class initialized using 'CodeIgniter\Session\Handlers\FileHandler' driver.
DEBUG - 2025-03-11 13:14:07 --> Session: Class initialized using 'CodeIgniter\Session\Handlers\FileHandler' driver.
DEBUG - 2025-03-11 13:14:11 --> Session: Class initialized using 'CodeIgniter\Session\Handlers\FileHandler' driver.
DEBUG - 2025-03-11 13:14:35 --> Session: Class initialized using 'CodeIgniter\Session\Handlers\FileHandler' driver.
DEBUG - 2025-03-11 13:14:41 --> Session: Class initialized using 'CodeIgniter\Session\Handlers\FileHandler' driver.
DEBUG - 2025-03-11 13:14:47 --> Session: Class initialized using 'CodeIgniter\Session\Handlers\FileHandler' driver.
DEBUG - 2025-03-11 13:15:33 --> Session: Class initialized using 'CodeIgniter\Session\Handlers\FileHandler' driver.
DEBUG - 2025-03-11 13:15:38 --> Session: Class initialized using 'CodeIgniter\Session\Handlers\FileHandler' driver.
DEBUG - 2025-03-11 13:20:37 --> Session: Class initialized using 'CodeIgniter\Session\Handlers\FileHandler' driver.
CRITICAL - 2025-03-11 13:20:37 --> CodeIgniter\View\Exceptions\ViewException: Invalid file: "operator/layout.php"
[Method: GET, Route: operator]
in SYSTEMPATH\Exceptions\FrameworkException.php on line 39.
 1 SYSTEMPATH\View\View.php(212): CodeIgniter\Exceptions\FrameworkException::forInvalidFile('operator/layout.php')
 2 SYSTEMPATH\View\View.php(240): CodeIgniter\View\View->render('operator/layout', [], true)
 3 SYSTEMPATH\Common.php(1173): CodeIgniter\View\View->render('operator/index', [], true)
 4 APPPATH\Controllers\OperatorController.php(15): view('operator/index', [...])
 5 SYSTEMPATH\CodeIgniter.php(933): App\Controllers\OperatorController->index()
 6 SYSTEMPATH\CodeIgniter.php(507): CodeIgniter\CodeIgniter->runController(Object(App\Controllers\OperatorController))
 7 SYSTEMPATH\CodeIgniter.php(354): CodeIgniter\CodeIgniter->handleRequest(null, Object(Config\Cache), false)
 8 SYSTEMPATH\Boot.php(334): CodeIgniter\CodeIgniter->run()
 9 SYSTEMPATH\Boot.php(67): CodeIgniter\Boot::runCodeIgniter(Object(CodeIgniter\CodeIgniter))
10 FCPATH\index.php(56): CodeIgniter\Boot::bootWeb(Object(Config\Paths))
11 SYSTEMPATH\rewrite.php(44): require_once('C:\\xampp\\htdocs\\SistemUjian\\public\\index.php')
DEBUG - 2025-03-11 13:20:54 --> Session: Class initialized using 'CodeIgniter\Session\Handlers\FileHandler' driver.
DEBUG - 2025-03-11 13:21:02 --> Session: Class initialized using 'CodeIgniter\Session\Handlers\FileHandler' driver.
DEBUG - 2025-03-11 13:21:04 --> Session: Class initialized using 'CodeIgniter\Session\Handlers\FileHandler' driver.
DEBUG - 2025-03-11 13:27:01 --> Session: Class initialized using 'CodeIgniter\Session\Handlers\FileHandler' driver.
DEBUG - 2025-03-11 13:27:01 --> Session: Class initialized using 'CodeIgniter\Session\Handlers\FileHandler' driver.
DEBUG - 2025-03-11 13:27:03 --> Session: Class initialized using 'CodeIgniter\Session\Handlers\FileHandler' driver.
DEBUG - 2025-03-11 13:27:06 --> Session: Class initialized using 'CodeIgniter\Session\Handlers\FileHandler' driver.
DEBUG - 2025-03-11 13:27:43 --> Session: Class initialized using 'CodeIgniter\Session\Handlers\FileHandler' driver.
DEBUG - 2025-03-11 13:28:46 --> Session: Class initialized using 'CodeIgniter\Session\Handlers\FileHandler' driver.
DEBUG - 2025-03-11 13:30:36 --> Session: Class initialized using 'CodeIgniter\Session\Handlers\FileHandler' driver.
CRITICAL - 2025-03-11 13:30:36 --> CodeIgniter\View\Exceptions\ViewException: Invalid file: "operator/partials/layout.php"
[Method: GET, Route: operator]
in SYSTEMPATH\Exceptions\FrameworkException.php on line 39.
 1 SYSTEMPATH\View\View.php(212): CodeIgniter\Exceptions\FrameworkException::forInvalidFile('operator/partials/layout.php')
 2 SYSTEMPATH\View\View.php(240): CodeIgniter\View\View->render('operator/partials/layout', [], true)
 3 SYSTEMPATH\Common.php(1173): CodeIgniter\View\View->render('operator/index', [], true)
 4 APPPATH\Controllers\OperatorController.php(15): view('operator/index', [...])
 5 SYSTEMPATH\CodeIgniter.php(933): App\Controllers\OperatorController->index()
 6 SYSTEMPATH\CodeIgniter.php(507): CodeIgniter\CodeIgniter->runController(Object(App\Controllers\OperatorController))
 7 SYSTEMPATH\CodeIgniter.php(354): CodeIgniter\CodeIgniter->handleRequest(null, Object(Config\Cache), false)
 8 SYSTEMPATH\Boot.php(334): CodeIgniter\CodeIgniter->run()
 9 SYSTEMPATH\Boot.php(67): CodeIgniter\Boot::runCodeIgniter(Object(CodeIgniter\CodeIgniter))
10 FCPATH\index.php(56): CodeIgniter\Boot::bootWeb(Object(Config\Paths))
11 SYSTEMPATH\rewrite.php(44): require_once('C:\\xampp\\htdocs\\SistemUjian\\public\\index.php')
DEBUG - 2025-03-11 13:30:58 --> Session: Class initialized using 'CodeIgniter\Session\Handlers\FileHandler' driver.
CRITICAL - 2025-03-11 13:30:58 --> ErrorException: Undefined variable $title
[Method: GET, Route: operator]
in APPPATH\Views\operator\layout.php on line 10.
 1 APPPATH\Views\operator\layout.php(10): CodeIgniter\Debug\Exceptions->errorHandler(2, 'Undefined variable $title', 'C:\\xampp\\htdocs\\SistemUjian\\app\\Views\\operator\\layout.php', 10)
 2 SYSTEMPATH\View\View.php(224): include('C:\\xampp\\htdocs\\SistemUjian\\app\\Views\\operator\\layout.php')
 3 SYSTEMPATH\View\View.php(227): CodeIgniter\View\View->CodeIgniter\View\{closure}()
 4 SYSTEMPATH\View\View.php(240): CodeIgniter\View\View->render('operator/layout', [], true)
 5 SYSTEMPATH\Common.php(1173): CodeIgniter\View\View->render('operator/index', [], true)
 6 APPPATH\Controllers\OperatorController.php(15): view('operator/index', [...])
 7 SYSTEMPATH\CodeIgniter.php(933): App\Controllers\OperatorController->index()
 8 SYSTEMPATH\CodeIgniter.php(507): CodeIgniter\CodeIgniter->runController(Object(App\Controllers\OperatorController))
 9 SYSTEMPATH\CodeIgniter.php(354): CodeIgniter\CodeIgniter->handleRequest(null, Object(Config\Cache), false)
10 SYSTEMPATH\Boot.php(334): CodeIgniter\CodeIgniter->run()
11 SYSTEMPATH\Boot.php(67): CodeIgniter\Boot::runCodeIgniter(Object(CodeIgniter\CodeIgniter))
12 FCPATH\index.php(56): CodeIgniter\Boot::bootWeb(Object(Config\Paths))
13 SYSTEMPATH\rewrite.php(44): require_once('C:\\xampp\\htdocs\\SistemUjian\\public\\index.php')
DEBUG - 2025-03-11 13:31:29 --> Session: Class initialized using 'CodeIgniter\Session\Handlers\FileHandler' driver.
CRITICAL - 2025-03-11 13:31:29 --> ErrorException: Undefined variable $active1
[Method: GET, Route: operator]
in APPPATH\Views\operator\layout.php on line 57.
 1 APPPATH\Views\operator\layout.php(57): CodeIgniter\Debug\Exceptions->errorHandler(2, 'Undefined variable $active1', 'C:\\xampp\\htdocs\\SistemUjian\\app\\Views\\operator\\layout.php', 57)
 2 SYSTEMPATH\View\View.php(224): include('C:\\xampp\\htdocs\\SistemUjian\\app\\Views\\operator\\layout.php')
 3 SYSTEMPATH\View\View.php(227): CodeIgniter\View\View->CodeIgniter\View\{closure}()
 4 SYSTEMPATH\View\View.php(240): CodeIgniter\View\View->render('operator/layout', [], true)
 5 SYSTEMPATH\Common.php(1173): CodeIgniter\View\View->render('operator/index', [], true)
 6 APPPATH\Controllers\OperatorController.php(16): view('operator/index', [...])
 7 SYSTEMPATH\CodeIgniter.php(933): App\Controllers\OperatorController->index()
 8 SYSTEMPATH\CodeIgniter.php(507): CodeIgniter\CodeIgniter->runController(Object(App\Controllers\OperatorController))
 9 SYSTEMPATH\CodeIgniter.php(354): CodeIgniter\CodeIgniter->handleRequest(null, Object(Config\Cache), false)
10 SYSTEMPATH\Boot.php(334): CodeIgniter\CodeIgniter->run()
11 SYSTEMPATH\Boot.php(67): CodeIgniter\Boot::runCodeIgniter(Object(CodeIgniter\CodeIgniter))
12 FCPATH\index.php(56): CodeIgniter\Boot::bootWeb(Object(Config\Paths))
13 SYSTEMPATH\rewrite.php(44): require_once('C:\\xampp\\htdocs\\SistemUjian\\public\\index.php')
DEBUG - 2025-03-11 13:34:16 --> Session: Class initialized using 'CodeIgniter\Session\Handlers\FileHandler' driver.
CRITICAL - 2025-03-11 13:34:16 --> ErrorException: include(operator/partials/sidebar.php): Failed to open stream: No such file or directory
[Method: GET, Route: operator]
in APPPATH\Views\operator\layout.php on line 41.
 1 APPPATH\Views\operator\layout.php(41): CodeIgniter\Debug\Exceptions->errorHandler(2, 'include(operator/partials/sidebar.php): Failed to open stream: No such file or directory', 'C:\\xampp\\htdocs\\SistemUjian\\app\\Views\\operator\\layout.php', 41)
 2 APPPATH\Views\operator\layout.php(41): include()
 3 SYSTEMPATH\View\View.php(224): include('C:\\xampp\\htdocs\\SistemUjian\\app\\Views\\operator\\layout.php')
 4 SYSTEMPATH\View\View.php(227): CodeIgniter\View\View->CodeIgniter\View\{closure}()
 5 SYSTEMPATH\View\View.php(240): CodeIgniter\View\View->render('operator/layout', [], true)
 6 SYSTEMPATH\Common.php(1173): CodeIgniter\View\View->render('operator/index', [], true)
 7 APPPATH\Controllers\OperatorController.php(16): view('operator/index', [...])
 8 SYSTEMPATH\CodeIgniter.php(933): App\Controllers\OperatorController->index()
 9 SYSTEMPATH\CodeIgniter.php(507): CodeIgniter\CodeIgniter->runController(Object(App\Controllers\OperatorController))
10 SYSTEMPATH\CodeIgniter.php(354): CodeIgniter\CodeIgniter->handleRequest(null, Object(Config\Cache), false)
11 SYSTEMPATH\Boot.php(334): CodeIgniter\CodeIgniter->run()
12 SYSTEMPATH\Boot.php(67): CodeIgniter\Boot::runCodeIgniter(Object(CodeIgniter\CodeIgniter))
13 FCPATH\index.php(56): CodeIgniter\Boot::bootWeb(Object(Config\Paths))
14 SYSTEMPATH\rewrite.php(44): require_once('C:\\xampp\\htdocs\\SistemUjian\\public\\index.php')
DEBUG - 2025-03-11 13:34:41 --> Session: Class initialized using 'CodeIgniter\Session\Handlers\FileHandler' driver.
CRITICAL - 2025-03-11 13:34:41 --> ErrorException: include(operator/sidebar.php): Failed to open stream: No such file or directory
[Method: GET, Route: operator]
in APPPATH\Views\operator\layout.php on line 41.
 1 APPPATH\Views\operator\layout.php(41): CodeIgniter\Debug\Exceptions->errorHandler(2, 'include(operator/sidebar.php): Failed to open stream: No such file or directory', 'C:\\xampp\\htdocs\\SistemUjian\\app\\Views\\operator\\layout.php', 41)
 2 APPPATH\Views\operator\layout.php(41): include()
 3 SYSTEMPATH\View\View.php(224): include('C:\\xampp\\htdocs\\SistemUjian\\app\\Views\\operator\\layout.php')
 4 SYSTEMPATH\View\View.php(227): CodeIgniter\View\View->CodeIgniter\View\{closure}()
 5 SYSTEMPATH\View\View.php(240): CodeIgniter\View\View->render('operator/layout', [], true)
 6 SYSTEMPATH\Common.php(1173): CodeIgniter\View\View->render('operator/index', [], true)
 7 APPPATH\Controllers\OperatorController.php(16): view('operator/index', [...])
 8 SYSTEMPATH\CodeIgniter.php(933): App\Controllers\OperatorController->index()
 9 SYSTEMPATH\CodeIgniter.php(507): CodeIgniter\CodeIgniter->runController(Object(App\Controllers\OperatorController))
10 SYSTEMPATH\CodeIgniter.php(354): CodeIgniter\CodeIgniter->handleRequest(null, Object(Config\Cache), false)
11 SYSTEMPATH\Boot.php(334): CodeIgniter\CodeIgniter->run()
12 SYSTEMPATH\Boot.php(67): CodeIgniter\Boot::runCodeIgniter(Object(CodeIgniter\CodeIgniter))
13 FCPATH\index.php(56): CodeIgniter\Boot::bootWeb(Object(Config\Paths))
14 SYSTEMPATH\rewrite.php(44): require_once('C:\\xampp\\htdocs\\SistemUjian\\public\\index.php')
DEBUG - 2025-03-11 13:34:48 --> Session: Class initialized using 'CodeIgniter\Session\Handlers\FileHandler' driver.
CRITICAL - 2025-03-11 13:34:48 --> ErrorException: Undefined variable $active1
[Method: GET, Route: operator]
in APPPATH\Views\operator\partials\sidebar.php on line 17.
 1 APPPATH\Views\operator\partials\sidebar.php(17): CodeIgniter\Debug\Exceptions->errorHandler(2, 'Undefined variable $active1', 'C:\\xampp\\htdocs\\SistemUjian\\app\\Views\\operator\\partials\\sidebar.php', 17)
 2 APPPATH\Views\operator\layout.php(41): include('C:\\xampp\\htdocs\\SistemUjian\\app\\Views\\operator\\partials\\sidebar.php')
 3 SYSTEMPATH\View\View.php(224): include('C:\\xampp\\htdocs\\SistemUjian\\app\\Views\\operator\\layout.php')
 4 SYSTEMPATH\View\View.php(227): CodeIgniter\View\View->CodeIgniter\View\{closure}()
 5 SYSTEMPATH\View\View.php(240): CodeIgniter\View\View->render('operator/layout', [], true)
 6 SYSTEMPATH\Common.php(1173): CodeIgniter\View\View->render('operator/index', [], true)
 7 APPPATH\Controllers\OperatorController.php(16): view('operator/index', [...])
 8 SYSTEMPATH\CodeIgniter.php(933): App\Controllers\OperatorController->index()
 9 SYSTEMPATH\CodeIgniter.php(507): CodeIgniter\CodeIgniter->runController(Object(App\Controllers\OperatorController))
10 SYSTEMPATH\CodeIgniter.php(354): CodeIgniter\CodeIgniter->handleRequest(null, Object(Config\Cache), false)
11 SYSTEMPATH\Boot.php(334): CodeIgniter\CodeIgniter->run()
12 SYSTEMPATH\Boot.php(67): CodeIgniter\Boot::runCodeIgniter(Object(CodeIgniter\CodeIgniter))
13 FCPATH\index.php(56): CodeIgniter\Boot::bootWeb(Object(Config\Paths))
14 SYSTEMPATH\rewrite.php(44): require_once('C:\\xampp\\htdocs\\SistemUjian\\public\\index.php')
DEBUG - 2025-03-11 13:35:37 --> Session: Class initialized using 'CodeIgniter\Session\Handlers\FileHandler' driver.
DEBUG - 2025-03-11 14:03:10 --> Session: Class initialized using 'CodeIgniter\Session\Handlers\FileHandler' driver.
CRITICAL - 2025-03-11 14:03:10 --> ErrorException: Undefined variable $role
[Method: GET, Route: operator]
in APPPATH\Views\operator\index.php on line 1.
 1 APPPATH\Views\operator\index.php(1): CodeIgniter\Debug\Exceptions->errorHandler(2, 'Undefined variable $role', 'C:\\xampp\\htdocs\\SistemUjian\\app\\Views\\operator\\index.php', 1)
 2 SYSTEMPATH\View\View.php(224): include('C:\\xampp\\htdocs\\SistemUjian\\app\\Views\\operator\\index.php')
 3 SYSTEMPATH\View\View.php(227): CodeIgniter\View\View->CodeIgniter\View\{closure}()
 4 SYSTEMPATH\Common.php(1173): CodeIgniter\View\View->render('operator/index', [], true)
 5 APPPATH\Controllers\OperatorController.php(16): view('operator/index', [...])
 6 SYSTEMPATH\CodeIgniter.php(933): App\Controllers\OperatorController->index()
 7 SYSTEMPATH\CodeIgniter.php(507): CodeIgniter\CodeIgniter->runController(Object(App\Controllers\OperatorController))
 8 SYSTEMPATH\CodeIgniter.php(354): CodeIgniter\CodeIgniter->handleRequest(null, Object(Config\Cache), false)
 9 SYSTEMPATH\Boot.php(334): CodeIgniter\CodeIgniter->run()
10 SYSTEMPATH\Boot.php(67): CodeIgniter\Boot::runCodeIgniter(Object(CodeIgniter\CodeIgniter))
11 FCPATH\index.php(56): CodeIgniter\Boot::bootWeb(Object(Config\Paths))
12 SYSTEMPATH\rewrite.php(44): require_once('C:\\xampp\\htdocs\\SistemUjian\\public\\index.php')
DEBUG - 2025-03-11 14:03:41 --> Session: Class initialized using 'CodeIgniter\Session\Handlers\FileHandler' driver.
CRITICAL - 2025-03-11 14:03:41 --> ErrorException: Undefined variable $active3
[Method: GET, Route: operator]
in APPPATH\Views\operator\partials\sidebar.php on line 42.
 1 APPPATH\Views\operator\partials\sidebar.php(42): CodeIgniter\Debug\Exceptions->errorHandler(2, 'Undefined variable $active3', 'C:\\xampp\\htdocs\\SistemUjian\\app\\Views\\operator\\partials\\sidebar.php', 42)
 2 APPPATH\Views\operator\layout.php(41): include('C:\\xampp\\htdocs\\SistemUjian\\app\\Views\\operator\\partials\\sidebar.php')
 3 SYSTEMPATH\View\View.php(224): include('C:\\xampp\\htdocs\\SistemUjian\\app\\Views\\operator\\layout.php')
 4 SYSTEMPATH\View\View.php(227): CodeIgniter\View\View->CodeIgniter\View\{closure}()
 5 SYSTEMPATH\View\View.php(240): CodeIgniter\View\View->render('operator/layout', [], true)
 6 SYSTEMPATH\Common.php(1173): CodeIgniter\View\View->render('operator/index', [], true)
 7 APPPATH\Controllers\OperatorController.php(19): view('operator/index', [...])
 8 SYSTEMPATH\CodeIgniter.php(933): App\Controllers\OperatorController->index()
 9 SYSTEMPATH\CodeIgniter.php(507): CodeIgniter\CodeIgniter->runController(Object(App\Controllers\OperatorController))
10 SYSTEMPATH\CodeIgniter.php(354): CodeIgniter\CodeIgniter->handleRequest(null, Object(Config\Cache), false)
11 SYSTEMPATH\Boot.php(334): CodeIgniter\CodeIgniter->run()
12 SYSTEMPATH\Boot.php(67): CodeIgniter\Boot::runCodeIgniter(Object(CodeIgniter\CodeIgniter))
13 FCPATH\index.php(56): CodeIgniter\Boot::bootWeb(Object(Config\Paths))
14 SYSTEMPATH\rewrite.php(44): require_once('C:\\xampp\\htdocs\\SistemUjian\\public\\index.php')
DEBUG - 2025-03-11 14:04:20 --> Session: Class initialized using 'CodeIgniter\Session\Handlers\FileHandler' driver.
DEBUG - 2025-03-11 14:05:34 --> Session: Class initialized using 'CodeIgniter\Session\Handlers\FileHandler' driver.
DEBUG - 2025-03-11 14:05:56 --> Session: Class initialized using 'CodeIgniter\Session\Handlers\FileHandler' driver.
DEBUG - 2025-03-11 14:06:11 --> Session: Class initialized using 'CodeIgniter\Session\Handlers\FileHandler' driver.
DEBUG - 2025-03-11 14:07:16 --> Session: Class initialized using 'CodeIgniter\Session\Handlers\FileHandler' driver.
DEBUG - 2025-03-11 14:08:06 --> Session: Class initialized using 'CodeIgniter\Session\Handlers\FileHandler' driver.
